{"D:\\Playground\\stockbit-frontend-react\\src\\App.jsx": {"path":"D:\\Playground\\stockbit-frontend-react\\src\\App.jsx","statementMap":{"0":{"start":{"line":6,"column":2},"end":{"line":19,"column":4}}},"fnMap":{"0":{"name":"App","decl":{"start":{"line":5,"column":9},"end":{"line":5,"column":12}},"loc":{"start":{"line":5,"column":15},"end":{"line":20,"column":1}},"line":5}},"branchMap":{},"s":{"0":0},"f":{"0":0},"b":{}}
,"D:\\Playground\\stockbit-frontend-react\\src\\components\\MovieThumbnail.jsx": {"path":"D:\\Playground\\stockbit-frontend-react\\src\\components\\MovieThumbnail.jsx","statementMap":{"0":{"start":{"line":14,"column":38},"end":{"line":14,"column":53}},"1":{"start":{"line":16,"column":2},"end":{"line":63,"column":4}}},"fnMap":{"0":{"name":"MovieThumbnail","decl":{"start":{"line":13,"column":9},"end":{"line":13,"column":23}},"loc":{"start":{"line":13,"column":39},"end":{"line":64,"column":1}},"line":13}},"branchMap":{},"s":{"0":3,"1":3},"f":{"0":3},"b":{},"_coverageSchema":"1a1c01bbd47fc00a2c39e90264f33305004495a9","hash":"c8866f2fcfd8ac7ce76d904290b183fef3dcc2e3"}
,"D:\\Playground\\stockbit-frontend-react\\src\\components\\Search.jsx": {"path":"D:\\Playground\\stockbit-frontend-react\\src\\components\\Search.jsx","statementMap":{"0":{"start":{"line":6,"column":2},"end":{"line":28,"column":4}}},"fnMap":{"0":{"name":"Search","decl":{"start":{"line":5,"column":9},"end":{"line":5,"column":15}},"loc":{"start":{"line":5,"column":40},"end":{"line":29,"column":1}},"line":5}},"branchMap":{},"s":{"0":6},"f":{"0":6},"b":{},"_coverageSchema":"1a1c01bbd47fc00a2c39e90264f33305004495a9","hash":"676e9eee45b2b489a3ed6de5e297647775759d94"}
,"D:\\Playground\\stockbit-frontend-react\\src\\components\\TextLabel.jsx": {"path":"D:\\Playground\\stockbit-frontend-react\\src\\components\\TextLabel.jsx","statementMap":{"0":{"start":{"line":5,"column":2},"end":{"line":12,"column":4}}},"fnMap":{"0":{"name":"TextLabel","decl":{"start":{"line":4,"column":9},"end":{"line":4,"column":18}},"loc":{"start":{"line":4,"column":46},"end":{"line":13,"column":1}},"line":4}},"branchMap":{},"s":{"0":1},"f":{"0":1},"b":{},"_coverageSchema":"1a1c01bbd47fc00a2c39e90264f33305004495a9","hash":"d75b33f2cfc23f71481f0c202574f35df4823f91"}
,"D:\\Playground\\stockbit-frontend-react\\src\\components\\YearRatedRuntime.jsx": {"path":"D:\\Playground\\stockbit-frontend-react\\src\\components\\YearRatedRuntime.jsx","statementMap":{"0":{"start":{"line":5,"column":2},"end":{"line":35,"column":4}},"1":{"start":{"line":14,"column":8},"end":{"line":32,"column":19}}},"fnMap":{"0":{"name":"YearRatedRuntime","decl":{"start":{"line":4,"column":9},"end":{"line":4,"column":25}},"loc":{"start":{"line":4,"column":52},"end":{"line":36,"column":1}},"line":4},"1":{"name":"(anonymous_1)","decl":{"start":{"line":13,"column":34},"end":{"line":13,"column":35}},"loc":{"start":{"line":14,"column":8},"end":{"line":32,"column":19}},"line":14}},"branchMap":{},"s":{"0":1,"1":3},"f":{"0":1,"1":3},"b":{},"_coverageSchema":"1a1c01bbd47fc00a2c39e90264f33305004495a9","hash":"1c2724aa13051fb1c637ba3d0c14256a4792a6c4"}
,"D:\\Playground\\stockbit-frontend-react\\src\\pages\\Homepage.jsx": {"path":"D:\\Playground\\stockbit-frontend-react\\src\\pages\\Homepage.jsx","statementMap":{"0":{"start":{"line":20,"column":26},"end":{"line":20,"column":37}},"1":{"start":{"line":21,"column":28},"end":{"line":21,"column":40}},"2":{"start":{"line":22,"column":18},"end":{"line":22,"column":30}},"3":{"start":{"line":23,"column":19},"end":{"line":23,"column":32}},"4":{"start":{"line":24,"column":17},"end":{"line":24,"column":53}},"5":{"start":{"line":24,"column":40},"end":{"line":24,"column":52}},"6":{"start":{"line":26,"column":2},"end":{"line":31,"column":17}},"7":{"start":{"line":27,"column":19},"end":{"line":27,"column":40}},"8":{"start":{"line":28,"column":4},"end":{"line":30,"column":5}},"9":{"start":{"line":29,"column":6},"end":{"line":29,"column":36}},"10":{"start":{"line":33,"column":23},"end":{"line":43,"column":3}},"11":{"start":{"line":35,"column":6},"end":{"line":35,"column":25}},"12":{"start":{"line":36,"column":6},"end":{"line":38,"column":9}},"13":{"start":{"line":39,"column":6},"end":{"line":39,"column":17}},"14":{"start":{"line":40,"column":6},"end":{"line":40,"column":35}},"15":{"start":{"line":45,"column":19},"end":{"line":53,"column":8}},"16":{"start":{"line":46,"column":28},"end":{"line":46,"column":64}},"17":{"start":{"line":48,"column":6},"end":{"line":48,"column":62}},"18":{"start":{"line":49,"column":25},"end":{"line":49,"column":64}},"19":{"start":{"line":50,"column":4},"end":{"line":52,"column":5}},"20":{"start":{"line":51,"column":6},"end":{"line":51,"column":34}},"21":{"start":{"line":51,"column":24},"end":{"line":51,"column":32}},"22":{"start":{"line":55,"column":2},"end":{"line":61,"column":17}},"23":{"start":{"line":56,"column":4},"end":{"line":56,"column":48}},"24":{"start":{"line":58,"column":4},"end":{"line":60,"column":6}},"25":{"start":{"line":59,"column":6},"end":{"line":59,"column":53}},"26":{"start":{"line":63,"column":2},"end":{"line":67,"column":23}},"27":{"start":{"line":64,"column":4},"end":{"line":66,"column":5}},"28":{"start":{"line":65,"column":6},"end":{"line":65,"column":37}},"29":{"start":{"line":69,"column":2},"end":{"line":126,"column":4}},"30":{"start":{"line":74,"column":28},"end":{"line":74,"column":36}},"31":{"start":{"line":75,"column":10},"end":{"line":75,"column":26}},"32":{"start":{"line":103,"column":18},"end":{"line":107,"column":20}}},"fnMap":{"0":{"name":"Homepage","decl":{"start":{"line":19,"column":9},"end":{"line":19,"column":17}},"loc":{"start":{"line":19,"column":20},"end":{"line":127,"column":1}},"line":19},"1":{"name":"(anonymous_1)","decl":{"start":{"line":24,"column":29},"end":{"line":24,"column":30}},"loc":{"start":{"line":24,"column":40},"end":{"line":24,"column":52}},"line":24},"2":{"name":"(anonymous_2)","decl":{"start":{"line":26,"column":12},"end":{"line":26,"column":13}},"loc":{"start":{"line":26,"column":18},"end":{"line":31,"column":3}},"line":26},"3":{"name":"(anonymous_3)","decl":{"start":{"line":34,"column":4},"end":{"line":34,"column":5}},"loc":{"start":{"line":34,"column":11},"end":{"line":41,"column":5}},"line":34},"4":{"name":"(anonymous_4)","decl":{"start":{"line":45,"column":31},"end":{"line":45,"column":32}},"loc":{"start":{"line":45,"column":37},"end":{"line":53,"column":3}},"line":45},"5":{"name":"(anonymous_5)","decl":{"start":{"line":51,"column":14},"end":{"line":51,"column":15}},"loc":{"start":{"line":51,"column":24},"end":{"line":51,"column":32}},"line":51},"6":{"name":"(anonymous_6)","decl":{"start":{"line":55,"column":12},"end":{"line":55,"column":13}},"loc":{"start":{"line":55,"column":18},"end":{"line":61,"column":3}},"line":55},"7":{"name":"(anonymous_7)","decl":{"start":{"line":58,"column":11},"end":{"line":58,"column":12}},"loc":{"start":{"line":58,"column":17},"end":{"line":60,"column":5}},"line":58},"8":{"name":"(anonymous_8)","decl":{"start":{"line":63,"column":12},"end":{"line":63,"column":13}},"loc":{"start":{"line":63,"column":18},"end":{"line":67,"column":3}},"line":63},"9":{"name":"(anonymous_9)","decl":{"start":{"line":73,"column":18},"end":{"line":73,"column":19}},"loc":{"start":{"line":73,"column":25},"end":{"line":76,"column":9}},"line":73},"10":{"name":"(anonymous_10)","decl":{"start":{"line":102,"column":33},"end":{"line":102,"column":34}},"loc":{"start":{"line":103,"column":18},"end":{"line":107,"column":20}},"line":103}},"branchMap":{"0":{"loc":{"start":{"line":28,"column":4},"end":{"line":30,"column":5}},"type":"if","locations":[{"start":{"line":28,"column":4},"end":{"line":30,"column":5}},{"start":{"line":28,"column":4},"end":{"line":30,"column":5}}],"line":28},"1":{"loc":{"start":{"line":50,"column":4},"end":{"line":52,"column":5}},"type":"if","locations":[{"start":{"line":50,"column":4},"end":{"line":52,"column":5}},{"start":{"line":50,"column":4},"end":{"line":52,"column":5}}],"line":50},"2":{"loc":{"start":{"line":64,"column":4},"end":{"line":66,"column":5}},"type":"if","locations":[{"start":{"line":64,"column":4},"end":{"line":66,"column":5}},{"start":{"line":64,"column":4},"end":{"line":66,"column":5}}],"line":64},"3":{"loc":{"start":{"line":81,"column":11},"end":{"line":122,"column":11}},"type":"cond-expr","locations":[{"start":{"line":82,"column":12},"end":{"line":82,"column":54}},{"start":{"line":83,"column":14},"end":{"line":122,"column":11}}],"line":81},"4":{"loc":{"start":{"line":83,"column":14},"end":{"line":122,"column":11}},"type":"cond-expr","locations":[{"start":{"line":84,"column":12},"end":{"line":92,"column":18}},{"start":{"line":94,"column":12},"end":{"line":121,"column":15}}],"line":83},"5":{"loc":{"start":{"line":110,"column":15},"end":{"line":120,"column":15}},"type":"binary-expr","locations":[{"start":{"line":110,"column":15},"end":{"line":110,"column":55}},{"start":{"line":111,"column":16},"end":{"line":119,"column":22}}],"line":110}},"s":{"0":6,"1":6,"2":6,"3":6,"4":6,"5":7,"6":6,"7":3,"8":3,"9":1,"10":6,"11":1,"12":1,"13":1,"14":1,"15":6,"16":0,"17":0,"18":0,"19":0,"20":0,"21":0,"22":6,"23":3,"24":3,"25":3,"26":6,"27":3,"28":0,"29":6,"30":1,"31":1,"32":0},"f":{"0":6,"1":7,"2":3,"3":1,"4":0,"5":0,"6":3,"7":3,"8":3,"9":1,"10":0},"b":{"0":[1,2],"1":[0,0],"2":[0,3],"3":[3,3],"4":[3,0],"5":[0,0]},"_coverageSchema":"1a1c01bbd47fc00a2c39e90264f33305004495a9","hash":"aa20668aecf4a39d8a07e61a7b1e28c53973e054"}
,"D:\\Playground\\stockbit-frontend-react\\src\\pages\\Moviepage.jsx": {"path":"D:\\Playground\\stockbit-frontend-react\\src\\pages\\Moviepage.jsx","statementMap":{"0":{"start":{"line":22,"column":17},"end":{"line":22,"column":28}},"1":{"start":{"line":23,"column":18},"end":{"line":23,"column":30}},"2":{"start":{"line":24,"column":30},"end":{"line":29,"column":4}},"3":{"start":{"line":25,"column":31},"end":{"line":27,"column":5}},"4":{"start":{"line":28,"column":4},"end":{"line":28,"column":20}},"5":{"start":{"line":31,"column":2},"end":{"line":141,"column":4}},"6":{"start":{"line":48,"column":27},"end":{"line":48,"column":44}},"7":{"start":{"line":97,"column":20},"end":{"line":114,"column":31}}},"fnMap":{"0":{"name":"Moviepage","decl":{"start":{"line":21,"column":9},"end":{"line":21,"column":18}},"loc":{"start":{"line":21,"column":21},"end":{"line":142,"column":1}},"line":21},"1":{"name":"(anonymous_1)","decl":{"start":{"line":24,"column":58},"end":{"line":24,"column":59}},"loc":{"start":{"line":24,"column":70},"end":{"line":29,"column":3}},"line":24},"2":{"name":"(anonymous_2)","decl":{"start":{"line":48,"column":21},"end":{"line":48,"column":22}},"loc":{"start":{"line":48,"column":27},"end":{"line":48,"column":44}},"line":48},"3":{"name":"(anonymous_3)","decl":{"start":{"line":96,"column":36},"end":{"line":96,"column":37}},"loc":{"start":{"line":97,"column":20},"end":{"line":114,"column":31}},"line":97}},"branchMap":{"0":{"loc":{"start":{"line":60,"column":9},"end":{"line":138,"column":9}},"type":"cond-expr","locations":[{"start":{"line":61,"column":10},"end":{"line":69,"column":16}},{"start":{"line":71,"column":10},"end":{"line":137,"column":16}}],"line":60},"1":{"loc":{"start":{"line":73,"column":15},"end":{"line":80,"column":15}},"type":"binary-expr","locations":[{"start":{"line":73,"column":15},"end":{"line":73,"column":36}},{"start":{"line":74,"column":16},"end":{"line":79,"column":18}}],"line":73},"2":{"loc":{"start":{"line":132,"column":13},"end":{"line":136,"column":13}},"type":"binary-expr","locations":[{"start":{"line":132,"column":13},"end":{"line":132,"column":35}},{"start":{"line":133,"column":14},"end":{"line":135,"column":21}}],"line":132}},"s":{"0":1,"1":1,"2":1,"3":1,"4":0,"5":1,"6":0,"7":0},"f":{"0":1,"1":1,"2":0,"3":0},"b":{"0":[1,0],"1":[0,0],"2":[0,0]},"_coverageSchema":"1a1c01bbd47fc00a2c39e90264f33305004495a9","hash":"7811a8cfdd656cb10540ead07fa75794287ced56"}
,"D:\\Playground\\stockbit-frontend-react\\src\\pages\\index.js": {"path":"D:\\Playground\\stockbit-frontend-react\\src\\pages\\index.js","statementMap":{},"fnMap":{},"branchMap":{},"s":{},"f":{},"b":{}}
,"D:\\Playground\\stockbit-frontend-react\\src\\utils\\chakraTheme.js": {"path":"D:\\Playground\\stockbit-frontend-react\\src\\utils\\chakraTheme.js","statementMap":{"0":{"start":{"line":3,"column":20},"end":{"line":3,"column":35}}},"fnMap":{},"branchMap":{},"s":{"0":2},"f":{},"b":{},"_coverageSchema":"1a1c01bbd47fc00a2c39e90264f33305004495a9","hash":"0f10d9064a2fd4caf94537cf3719c6af1f90f178"}
,"D:\\Playground\\stockbit-frontend-react\\src\\utils\\params.js": {"path":"D:\\Playground\\stockbit-frontend-react\\src\\utils\\params.js","statementMap":{"0":{"start":{"line":1,"column":22},"end":{"line":1,"column":71}},"1":{"start":{"line":1,"column":28},"end":{"line":1,"column":71}}},"fnMap":{"0":{"name":"(anonymous_0)","decl":{"start":{"line":1,"column":22},"end":{"line":1,"column":23}},"loc":{"start":{"line":1,"column":28},"end":{"line":1,"column":71}},"line":1}},"branchMap":{},"s":{"0":2,"1":9},"f":{"0":9},"b":{},"_coverageSchema":"1a1c01bbd47fc00a2c39e90264f33305004495a9","hash":"d64f589994697e4b062e582ba4f4ef36887cd41e"}
}
