TN:
SF:src\App.jsx
FN:5,App
FNF:1
FNH:0
FNDA:0,App
DA:6,0
LF:1
LH:0
BRF:0
BRH:0
end_of_record
TN:
SF:src\components\MovieThumbnail.jsx
FN:13,MovieThumbnail
FNF:1
FNH:1
FNDA:3,MovieThumbnail
DA:14,3
DA:16,3
LF:2
LH:2
BRF:0
BRH:0
end_of_record
TN:
SF:src\components\Search.jsx
FN:5,Search
FNF:1
FNH:1
FNDA:6,Search
DA:6,6
LF:1
LH:1
BRF:0
BRH:0
end_of_record
TN:
SF:src\components\TextLabel.jsx
FN:4,TextLabel
FNF:1
FNH:1
FNDA:1,TextLabel
DA:5,1
LF:1
LH:1
BRF:0
BRH:0
end_of_record
TN:
SF:src\components\YearRatedRuntime.jsx
FN:4,YearRatedRuntime
FN:13,(anonymous_1)
FNF:2
FNH:2
FNDA:1,YearRatedRuntime
FNDA:3,(anonymous_1)
DA:5,1
DA:14,3
LF:2
LH:2
BRF:0
BRH:0
end_of_record
TN:
SF:src\pages\Homepage.jsx
FN:19,Homepage
FN:24,(anonymous_1)
FN:26,(anonymous_2)
FN:34,(anonymous_3)
FN:45,(anonymous_4)
FN:51,(anonymous_5)
FN:55,(anonymous_6)
FN:58,(anonymous_7)
FN:63,(anonymous_8)
FN:73,(anonymous_9)
FN:102,(anonymous_10)
FNF:11
FNH:8
FNDA:6,Homepage
FNDA:7,(anonymous_1)
FNDA:3,(anonymous_2)
FNDA:1,(anonymous_3)
FNDA:0,(anonymous_4)
FNDA:0,(anonymous_5)
FNDA:3,(anonymous_6)
FNDA:3,(anonymous_7)
FNDA:3,(anonymous_8)
FNDA:1,(anonymous_9)
FNDA:0,(anonymous_10)
DA:20,6
DA:21,6
DA:22,6
DA:23,6
DA:24,7
DA:26,6
DA:27,3
DA:28,3
DA:29,1
DA:33,6
DA:35,1
DA:36,1
DA:39,1
DA:40,1
DA:45,6
DA:46,0
DA:48,0
DA:49,0
DA:50,0
DA:51,0
DA:55,6
DA:56,3
DA:58,3
DA:59,3
DA:63,6
DA:64,3
DA:65,0
DA:69,6
DA:74,1
DA:75,1
DA:103,0
LF:31
LH:24
BRDA:28,0,0,1
BRDA:28,0,1,2
BRDA:50,1,0,0
BRDA:50,1,1,0
BRDA:64,2,0,0
BRDA:64,2,1,3
BRDA:81,3,0,3
BRDA:81,3,1,3
BRDA:83,4,0,3
BRDA:83,4,1,0
BRDA:110,5,0,0
BRDA:110,5,1,0
BRF:12
BRH:6
end_of_record
TN:
SF:src\pages\Moviepage.jsx
FN:21,Moviepage
FN:24,(anonymous_1)
FN:48,(anonymous_2)
FN:96,(anonymous_3)
FNF:4
FNH:2
FNDA:1,Moviepage
FNDA:1,(anonymous_1)
FNDA:0,(anonymous_2)
FNDA:0,(anonymous_3)
DA:22,1
DA:23,1
DA:24,1
DA:25,1
DA:28,0
DA:31,1
DA:48,0
DA:97,0
LF:8
LH:5
BRDA:60,0,0,1
BRDA:60,0,1,0
BRDA:73,1,0,0
BRDA:73,1,1,0
BRDA:132,2,0,0
BRDA:132,2,1,0
BRF:6
BRH:1
end_of_record
TN:
SF:src\pages\index.js
FNF:0
FNH:0
LF:0
LH:0
BRF:0
BRH:0
end_of_record
TN:
SF:src\utils\chakraTheme.js
FNF:0
FNH:0
DA:3,2
LF:1
LH:1
BRF:0
BRH:0
end_of_record
TN:
SF:src\utils\params.js
FN:1,(anonymous_0)
FNF:1
FNH:1
FNDA:9,(anonymous_0)
DA:1,9
LF:1
LH:1
BRF:0
BRH:0
end_of_record
